Key hited. Key = : G
Key hited. Key = : G
Key hited. Key = : D
Key hited. Key = : F
Key hited. Key = : G
Key hited. Key = : S
Key hited. Key = : D
Key hited. Key = : F
Key hited. Key = : P
Key hited. Key = : A
Key hited. Key = : S
Key hited. Key = : S
Key hited. Key = : W
Key hited. Key = : O
Key hited. Key = : R
Key hited. Key = : D
entered password
Key hited. Key = : P
Key hited. Key = : A
Key hited. Key = : S
Key hited. Key = : S
Key hited. Key = : W
Key hited. Key = : O
Key hited. Key = : R
Key hited. Key = : D
entered password
